<?xml version="1.0" encoding="UTF-8"?>
<testsuite xmlns:xsi="http://www.w3.org/2001/XMLSchema-instance" xsi:noNamespaceSchemaLocation="https://maven.apache.org/surefire/maven-surefire-plugin/xsd/surefire-test-report.xsd" version="3.0.2" name="io.cucumber.junit.platform.engine.CucumberTestEngine" time="14.086" tests="8" errors="0" skipped="0" failures="0">
  <properties>
[...]
</properties>
  <testcase name="Pet Store REST API - Find pet by status" classname="Pet Store REST API" time="1.568">
    <system-out><![CDATA[
@api @rest
Scenario: Find pet by status                                        &amp#27;[90m# src/test/resources/features/rest/petstore_api.feature:4&amp#27;[0m
  &amp#27;[32mWhen &amp#27;[0m&amp#27;[32mI send a GET request to &amp#27;[0m&amp#27;[32m&amp#27;[1m"/pet/findByStatus?status=available"&amp#27;[0m &amp#27;[90m# com.framework.stepdefs.RestApiSteps.sendGet(java.lang.String)&amp#27;[0m
  &amp#27;[32mThen &amp#27;[0m&amp#27;[32mthe response status code should be &amp#27;[0m&amp#27;[32m&amp#27;[1m200&amp#27;[0m                       &amp#27;[90m# com.framework.stepdefs.RestApiSteps.verifyStatusCode(int)&amp#27;[0m
]]></system-out>
    <system-err><![CDATA[Mar 27, 2026 9:33:19 AM io.cucumber.junit.platform.engine.DiscoverySelectorResolver warnWhenCucumberFeaturesPropertyIsUsed
WARNING: Discovering tests using the cucumber.features property. Other discovery selectors are ignored!

This is a work around for the limited JUnit 5 support in Maven and Gradle. Please request/upvote/sponsor/ect better support for JUnit 5 discovery selectors. For details see: https://github.com/cucumber/cucumber-jvm/pull/2498

If you are using the JUnit 5 Suite Engine, Platform Launcher API or Console Launcher you should not use this property. Please consult the JUnit 5 documentation on test selection.
]]></system-err>
  </testcase>
  <testcase name="Pet Store REST API - Get pet by ID" classname="Pet Store REST API" time="0.972">
    <system-out><![CDATA[
@api @rest
Scenario: Get pet by ID                       &amp#27;[90m# src/test/resources/features/rest/petstore_api.feature:8&amp#27;[0m
  &amp#27;[32mWhen &amp#27;[0m&amp#27;[32mI send a GET request to &amp#27;[0m&amp#27;[32m&amp#27;[1m"/pet/1"&amp#27;[0m       &amp#27;[90m# com.framework.stepdefs.RestApiSteps.sendGet(java.lang.String)&amp#27;[0m
  &amp#27;[32mThen &amp#27;[0m&amp#27;[32mthe response status code should be &amp#27;[0m&amp#27;[32m&amp#27;[1m200&amp#27;[0m &amp#27;[90m# com.framework.stepdefs.RestApiSteps.verifyStatusCode(int)&amp#27;[0m
]]></system-out>
  </testcase>
  <testcase name="Pet Store REST API - Find pet by status — validated against OpenAPI spec" classname="Pet Store REST API" time="1.666">
    <system-out><![CDATA[
@api @rest @contract
Scenario: Find pet by status — validated against OpenAPI spec                 &amp#27;[90m# src/test/resources/features/rest/petstore_api.feature:13&amp#27;[0m
  &amp#27;[32mWhen &amp#27;[0m&amp#27;[32mI send a validated GET request to &amp#27;[0m&amp#27;[32m&amp#27;[1m"/pet/findByStatus?status=available"&amp#27;[0m &amp#27;[90m# com.framework.stepdefs.RestApiSteps.sendValidatedGet(java.lang.String)&amp#27;[0m
  &amp#27;[32mThen &amp#27;[0m&amp#27;[32mthe response status code should be &amp#27;[0m&amp#27;[32m&amp#27;[1m200&amp#27;[0m                                 &amp#27;[90m# com.framework.stepdefs.RestApiSteps.verifyStatusCode(int)&amp#27;[0m
]]></system-out>
  </testcase>
  <testcase name="Pet Store REST API - Create a new pet — validated against OpenAPI spec" classname="Pet Store REST API" time="1.151">
    <system-out><![CDATA[
@api @rest @contract
Scenario: Create a new pet — validated against OpenAPI spec &amp#27;[90m# src/test/resources/features/rest/petstore_api.feature:18&amp#27;[0m
  &amp#27;[32mWhen &amp#27;[0m&amp#27;[32mI send a validated POST request to &amp#27;[0m&amp#27;[32m&amp#27;[1m"/pet"&amp#27;[0m&amp#27;[32m with body:&amp#27;[0m &amp#27;[90m# com.framework.stepdefs.RestApiSteps.sendValidatedPost(java.lang.String,java.lang.String)&amp#27;[0m
  &amp#27;[32mThen &amp#27;[0m&amp#27;[32mthe response status code should be &amp#27;[0m&amp#27;[32m&amp#27;[1m200&amp#27;[0m               &amp#27;[90m# com.framework.stepdefs.RestApiSteps.verifyStatusCode(int)&amp#27;[0m
  &amp#27;[32mAnd &amp#27;[0m&amp#27;[32mthe response JSON path &amp#27;[0m&amp#27;[32m&amp#27;[1m"name"&amp#27;[0m&amp#27;[32m should be &amp#27;[0m&amp#27;[32m&amp#27;[1m"Buddy"&amp#27;[0m       &amp#27;[90m# com.framework.stepdefs.RestApiSteps.verifyJsonPath(java.lang.String,java.lang.String)&amp#27;[0m
]]></system-out>
  </testcase>
  <testcase name="Calculator SOAP Service - Add two numbers" classname="Calculator SOAP Service" time="0.33">
    <system-out><![CDATA[
@api @soap
Scenario: Add two numbers                                            &amp#27;[90m# src/test/resources/features/soap/calculator.feature:4&amp#27;[0m
  &amp#27;[32mWhen &amp#27;[0m&amp#27;[32mI send a SOAP &amp#27;[0m&amp#27;[32m&amp#27;[1m"http://tempuri.org/Add"&amp#27;[0m&amp#27;[32m request adding &amp#27;[0m&amp#27;[32m&amp#27;[1m5&amp#27;[0m&amp#27;[32m and &amp#27;[0m&amp#27;[32m&amp#27;[1m3&amp#27;[0m &amp#27;[90m# com.framework.stepdefs.SoapApiSteps.sendAddRequest(java.lang.String,int,int)&amp#27;[0m
  &amp#27;[32mThen &amp#27;[0m&amp#27;[32mthe SOAP response status should be &amp#27;[0m&amp#27;[32m&amp#27;[1m200&amp#27;[0m                        &amp#27;[90m# com.framework.stepdefs.SoapApiSteps.verifySoapStatus(int)&amp#27;[0m
  &amp#27;[32mAnd &amp#27;[0m&amp#27;[32mthe SOAP response should contain &amp#27;[0m&amp#27;[32m&amp#27;[1m"AddResult"&amp#27;[0m                   &amp#27;[90m# com.framework.stepdefs.SoapApiSteps.verifySoapBody(java.lang.String)&amp#27;[0m
]]></system-out>
  </testcase>
  <testcase name="Calculator SOAP Service - Add — response conforms to WSDL schema" classname="Calculator SOAP Service" time="0.364">
    <system-out><![CDATA[
@api @soap @contract
Scenario: Add — response conforms to WSDL schema                       &amp#27;[90m# src/test/resources/features/soap/calculator.feature:10&amp#27;[0m
  &amp#27;[32mWhen &amp#27;[0m&amp#27;[32mI send a SOAP &amp#27;[0m&amp#27;[32m&amp#27;[1m"http://tempuri.org/Add"&amp#27;[0m&amp#27;[32m request adding &amp#27;[0m&amp#27;[32m&amp#27;[1m10&amp#27;[0m&amp#27;[32m and &amp#27;[0m&amp#27;[32m&amp#27;[1m20&amp#27;[0m &amp#27;[90m# com.framework.stepdefs.SoapApiSteps.sendAddRequest(java.lang.String,int,int)&amp#27;[0m
  &amp#27;[32mThen &amp#27;[0m&amp#27;[32mthe SOAP response status should be &amp#27;[0m&amp#27;[32m&amp#27;[1m200&amp#27;[0m                          &amp#27;[90m# com.framework.stepdefs.SoapApiSteps.verifySoapStatus(int)&amp#27;[0m
09:33:26.208 [main] INFO  c.framework.api.WsdlSchemaValidator - SOAP contract validation PASSED for <AddResponse>
  &amp#27;[32mAnd &amp#27;[0m&amp#27;[32mthe SOAP response should conform to the schema for &amp#27;[0m&amp#27;[32m&amp#27;[1m"AddResponse"&amp#27;[0m &amp#27;[90m# com.framework.stepdefs.SoapApiSteps.verifySoapContract(java.lang.String)&amp#27;[0m
]]></system-out>
  </testcase>
  <testcase name="Login functionality - Successful login" classname="Login functionality" time="4.084">
    <system-out><![CDATA[
@web
Scenario: Successful login                                                      &amp#27;[90m# src/test/resources/features/web/login.feature:4&amp#27;[0m
09:33:26.213 [main] INFO  com.framework.stepdefs.Hooks - >>> Starting browser for: Successful login
09:33:26.307 [main] INFO  i.g.bonigarcia.wdm.WebDriverManager - Using chromedriver 146.0.7680.165 (resolved driver for Chrome 146)
09:33:26.314 [main] INFO  i.g.bonigarcia.wdm.WebDriverManager - Exporting webdriver.chrome.driver as /Users/mitsram/.cache/selenium/chromedriver/mac-arm64/146.0.7680.165/chromedriver
  &amp#27;[32mGiven &amp#27;[0m&amp#27;[32mI open the login page&amp#27;[0m                                                   &amp#27;[90m# com.framework.stepdefs.WebSteps.openLoginPage()&amp#27;[0m
  &amp#27;[32mWhen &amp#27;[0m&amp#27;[32mI login with username &amp#27;[0m&amp#27;[32m&amp#27;[1m"tomsmith"&amp#27;[0m&amp#27;[32m and password &amp#27;[0m&amp#27;[32m&amp#27;[1m"SuperSecretPassword!"&amp#27;[0m     &amp#27;[90m# com.framework.stepdefs.WebSteps.login(java.lang.String,java.lang.String)&amp#27;[0m
  &amp#27;[32mThen &amp#27;[0m&amp#27;[32mI should see a flash message containing &amp#27;[0m&amp#27;[32m&amp#27;[1m"You logged into a secure area!"&amp#27;[0m &amp#27;[90m# com.framework.stepdefs.WebSteps.verifyFlashMessage(java.lang.String)&amp#27;[0m
]]></system-out>
    <system-err><![CDATA[Mar 27, 2026 9:33:26 AM org.openqa.selenium.devtools.CdpVersionFinder findNearestMatch
WARNING: Unable to find CDP implementation matching 146
Mar 27, 2026 9:33:26 AM org.openqa.selenium.chromium.ChromiumDriver lambda$new$5
WARNING: Unable to find version of CDP to use for 146.0.7680.165. You may need to include a dependency on a specific version of the CDP using something similar to `org.seleniumhq.selenium:selenium-devtools-v86:4.27.0` where the version ("v86") matches the version of the chromium-based browser you're using and the version number of the artifact is the same as Selenium's.
]]></system-err>
  </testcase>
  <testcase name="Login functionality - Failed login with invalid credentials" classname="Login functionality" time="3.908">
    <system-out><![CDATA[
@web
Scenario: Failed login with invalid credentials                            &amp#27;[90m# src/test/resources/features/web/login.feature:9&amp#27;[0m
09:33:30.296 [main] INFO  com.framework.stepdefs.Hooks - >>> Starting browser for: Failed login with invalid credentials
09:33:30.300 [main] INFO  i.g.bonigarcia.wdm.WebDriverManager - Using chromedriver 146.0.7680.165 (resolved driver for Chrome 146)
09:33:30.303 [main] INFO  i.g.bonigarcia.wdm.WebDriverManager - Exporting webdriver.chrome.driver as /Users/mitsram/.cache/selenium/chromedriver/mac-arm64/146.0.7680.165/chromedriver
  &amp#27;[32mGiven &amp#27;[0m&amp#27;[32mI open the login page&amp#27;[0m                                              &amp#27;[90m# com.framework.stepdefs.WebSteps.openLoginPage()&amp#27;[0m
  &amp#27;[32mWhen &amp#27;[0m&amp#27;[32mI login with username &amp#27;[0m&amp#27;[32m&amp#27;[1m"invalid"&amp#27;[0m&amp#27;[32m and password &amp#27;[0m&amp#27;[32m&amp#27;[1m"invalid"&amp#27;[0m              &amp#27;[90m# com.framework.stepdefs.WebSteps.login(java.lang.String,java.lang.String)&amp#27;[0m
  &amp#27;[32mThen &amp#27;[0m&amp#27;[32mI should see a flash message containing &amp#27;[0m&amp#27;[32m&amp#27;[1m"Your username is invalid!"&amp#27;[0m &amp#27;[90m# com.framework.stepdefs.WebSteps.verifyFlashMessage(java.lang.String)&amp#27;[0m
]]></system-out>
    <system-err><![CDATA[Mar 27, 2026 9:33:30 AM org.openqa.selenium.devtools.CdpVersionFinder findNearestMatch
WARNING: Unable to find CDP implementation matching 146
Mar 27, 2026 9:33:30 AM org.openqa.selenium.chromium.ChromiumDriver lambda$new$5
WARNING: Unable to find version of CDP to use for 146.0.7680.165. You may need to include a dependency on a specific version of the CDP using something similar to `org.seleniumhq.selenium:selenium-devtools-v86:4.27.0` where the version ("v86") matches the version of the chromium-based browser you're using and the version number of the artifact is the same as Selenium's.
]]></system-err>
  </testcase>
</testsuite>